Using pre-set license
Built from '2020.3/staging' branch; Version is '2020.3.26f1 (7298b473bc1a) revision 7510196'; Using compiler version '192528614'; Build Type 'Release'
OS: 'Windows 11  (10.0.22621) 64bit CoreSingleLanguage' Language: 'en' Physical Memory: 16204 MB
BatchMode: 1, IsHumanControllingUs: 0, StartBugReporterOnCrash: 0, Is64bit: 1, IsPro: 0

COMMAND LINE ARGUMENTS:
C:\Unity\2020.3.26f1\Editor\Unity.exe
-adb2
-batchMode
-noUpm
-name
AssetImportWorker0
-projectPath
C:/Unity Project/Cell_Force/Cell Force
-logFile
Logs/AssetImportWorker0.log
-srvPort
58277
Successfully changed project path to: C:/Unity Project/Cell_Force/Cell Force
C:/Unity Project/Cell_Force/Cell Force
Using Asset Import Pipeline V2.
Refreshing native plugins compatible for Editor in 56.75 ms, found 3 plugins.
Preloading 0 native plugins for Editor in 0.00 ms.
Initialize engine version: 2020.3.26f1 (7298b473bc1a)
[Subsystems] Discovering subsystems at path C:/Unity/2020.3.26f1/Editor/Data/Resources/UnitySubsystems
[Subsystems] Discovering subsystems at path C:/Unity Project/Cell_Force/Cell Force/Assets
GfxDevice: creating device client; threaded=0
Direct3D:
    Version:  Direct3D 11.0 [level 11.1]
    Renderer: NVIDIA GeForce RTX 2060 (ID=0x1f15)
    Vendor:   
    VRAM:     5968 MB
    Driver:   31.0.15.2756
Initialize mono
Mono path[0] = 'C:/Unity/2020.3.26f1/Editor/Data/Managed'
Mono path[1] = 'C:/Unity/2020.3.26f1/Editor/Data/MonoBleedingEdge/lib/mono/unityjit'
Mono config path = 'C:/Unity/2020.3.26f1/Editor/Data/MonoBleedingEdge/etc'
Using monoOptions --debugger-agent=transport=dt_socket,embedding=1,server=y,suspend=n,address=127.0.0.1:56300
Begin MonoManager ReloadAssembly
Registering precompiled unity dll's ...
Register platform support module: C:/Unity/2020.3.26f1/Editor/Data/PlaybackEngines/WebGLSupport/UnityEditor.WebGL.Extensions.dll
Register platform support module: C:/Unity/2020.3.26f1/Editor/Data/PlaybackEngines/WindowsStandaloneSupport/UnityEditor.WindowsStandalone.Extensions.dll
Registered in 0.001963 seconds.
Native extension for WindowsStandalone target not found
Native extension for WebGL target not found
Refreshing native plugins compatible for Editor in 51.42 ms, found 3 plugins.
Preloading 0 native plugins for Editor in 0.00 ms.
Mono: successfully reloaded assembly
- Completed reload, in  0.694 seconds
Domain Reload Profiling:
	ReloadAssembly (694ms)
		BeginReloadAssembly (70ms)
			ExecutionOrderSort (0ms)
			DisableScriptedObjects (0ms)
			BackupInstance (0ms)
			ReleaseScriptingObjects (0ms)
			CreateAndSetChildDomain (1ms)
		EndReloadAssembly (550ms)
			LoadAssemblies (67ms)
			RebuildTransferFunctionScriptingTraits (0ms)
			SetupTypeCache (202ms)
			ReleaseScriptCaches (0ms)
			RebuildScriptCaches (35ms)
			SetupLoadedEditorAssemblies (202ms)
				LogAssemblyErrors (0ms)
				InitializePlatformSupportModulesInManaged (6ms)
				SetLoadedEditorAssemblies (0ms)
				RefreshPlugins (51ms)
				BeforeProcessingInitializeOnLoad (19ms)
				ProcessInitializeOnLoadAttributes (95ms)
				ProcessInitializeOnLoadMethodAttributes (30ms)
				AfterProcessingInitializeOnLoad (0ms)
				EditorAssembliesLoaded (0ms)
			ExecutionOrderSort2 (0ms)
			AwakeInstancesAfterBackupRestoration (0ms)
Platform modules already initialized, skipping
Registering precompiled user dll's ...
Registered in 0.004041 seconds.
Begin MonoManager ReloadAssembly
Native extension for WindowsStandalone target not found
Native extension for WebGL target not found
Refreshing native plugins compatible for Editor in 66.94 ms, found 3 plugins.
Preloading 0 native plugins for Editor in 0.00 ms.
Mono: successfully reloaded assembly
- Completed reload, in  1.313 seconds
Domain Reload Profiling:
	ReloadAssembly (1314ms)
		BeginReloadAssembly (172ms)
			ExecutionOrderSort (0ms)
			DisableScriptedObjects (5ms)
			BackupInstance (0ms)
			ReleaseScriptingObjects (0ms)
			CreateAndSetChildDomain (24ms)
		EndReloadAssembly (1077ms)
			LoadAssemblies (101ms)
			RebuildTransferFunctionScriptingTraits (0ms)
			SetupTypeCache (359ms)
			ReleaseScriptCaches (0ms)
			RebuildScriptCaches (62ms)
			SetupLoadedEditorAssemblies (414ms)
				LogAssemblyErrors (0ms)
				InitializePlatformSupportModulesInManaged (6ms)
				SetLoadedEditorAssemblies (0ms)
				RefreshPlugins (67ms)
				BeforeProcessingInitializeOnLoad (94ms)
				ProcessInitializeOnLoadAttributes (222ms)
				ProcessInitializeOnLoadMethodAttributes (18ms)
				AfterProcessingInitializeOnLoad (5ms)
				EditorAssembliesLoaded (0ms)
			ExecutionOrderSort2 (0ms)
			AwakeInstancesAfterBackupRestoration (8ms)
Platform modules already initialized, skipping
========================================================================
Worker process is ready to serve import requests
Launched and connected shader compiler UnityShaderCompiler.exe after 0.04 seconds
Refreshing native plugins compatible for Editor in 0.51 ms, found 3 plugins.
Preloading 0 native plugins for Editor in 0.00 ms.
Unloading 2229 Unused Serialized files (Serialized files now loaded: 0)
System memory in use before: 98.5 MB.
System memory in use after: 98.6 MB.

Unloading 28 unused Assets to reduce memory usage. Loaded Objects now: 2664.
Total: 4.377900 ms (FindLiveObjects: 0.346600 ms CreateObjectMapping: 0.161100 ms MarkObjects: 3.762900 ms  DeleteObjects: 0.105700 ms)

AssetImportParameters requested are different than current active one (requested -> active):
  custom:framework-win-MediaFoundation: 216162199b28c13a410421893ffa2e32 -> 
  custom:video-decoder-ogg-theora: a1e56fd34408186e4bbccfd4996cb3dc -> 
  custom:container-muxer-webm: aa71ff27fc2769a1b78a27578f13a17b -> 
  custom:container-demuxer-webm: 4f35f7cbe854078d1ac9338744f61a02 -> 
  custom:container-demuxer-ogg: 62fdf1f143b41e24485cea50d1cbac27 -> 
  custom:video-encoder-webm-vp8: eb34c28f22e8b96e1ab97ce403110664 -> 
  custom:video-decoder-webm-vp8: 9c59270c3fd7afecdb556c50c9e8de78 -> 
  custom:audio-decoder-ogg-vorbis: bf7c407c2cedff20999df2af8eb42d56 -> 
  custom:audio-encoder-webm-vorbis: bf7c407c2cedff20999df2af8eb42d56 -> 
========================================================================
Received Import Request.
  path: Assets/Data/Stage1-4.asset
  artifactKey: Guid(433a63d7cc72f3d46ba0138e4f59ff76) Importer(815301076,1909f56bfc062723c751e8b465ee728b)
Start importing Assets/Data/Stage1-4.asset using Guid(433a63d7cc72f3d46ba0138e4f59ff76) Importer(815301076,1909f56bfc062723c751e8b465ee728b)  -> (artifact id: '8e55b0fa749b350c87be9598c8e0609a') in 0.060353 seconds 
  Import took 0.066244 seconds .

========================================================================
Received Import Request.
  Time since last request: 0.000254 seconds.
  path: Assets/Data/Stage1-2.asset
  artifactKey: Guid(41e3da4fa8166f84a92494cd57d80222) Importer(815301076,1909f56bfc062723c751e8b465ee728b)
Start importing Assets/Data/Stage1-2.asset using Guid(41e3da4fa8166f84a92494cd57d80222) Importer(815301076,1909f56bfc062723c751e8b465ee728b)  -> (artifact id: '44aae9aafc8d1954d3c7b5c553445fd4') in 0.012729 seconds 
  Import took 0.016368 seconds .

========================================================================
Received Import Request.
  Time since last request: 0.000284 seconds.
  path: Assets/Data/BulletFireRate_Player.asset
  artifactKey: Guid(c1723c38fd709a94c880232c360906d4) Importer(815301076,1909f56bfc062723c751e8b465ee728b)
Start importing Assets/Data/BulletFireRate_Player.asset using Guid(c1723c38fd709a94c880232c360906d4) Importer(815301076,1909f56bfc062723c751e8b465ee728b)  -> (artifact id: '461145657deb1869d21613aa500455ea') in 0.021864 seconds 
  Import took 0.026525 seconds .

========================================================================
Received Import Request.
  Time since last request: 0.000188 seconds.
  path: Assets/Data/sttage throat.asset
  artifactKey: Guid(4246f3457d7fdd34d89755ed9d1cb8fa) Importer(815301076,1909f56bfc062723c751e8b465ee728b)
Start importing Assets/Data/sttage throat.asset using Guid(4246f3457d7fdd34d89755ed9d1cb8fa) Importer(815301076,1909f56bfc062723c751e8b465ee728b)  -> (artifact id: '0a6e348cae79b7145ea18c4aa0af9ad7') in 0.032060 seconds 
  Import took 0.035911 seconds .

========================================================================
Received Import Request.
  Time since last request: 0.000369 seconds.
  path: Assets/Data/Stage1-3.asset
  artifactKey: Guid(a513ce9f447e051468a0b747254edc74) Importer(815301076,1909f56bfc062723c751e8b465ee728b)
Start importing Assets/Data/Stage1-3.asset using Guid(a513ce9f447e051468a0b747254edc74) Importer(815301076,1909f56bfc062723c751e8b465ee728b)  -> (artifact id: '1425437b675ffd6038f93ce03add0661') in 0.007167 seconds 
  Import took 0.010813 seconds .

========================================================================
Received Import Request.
  Time since last request: 0.000195 seconds.
  path: Assets/Data/Stage1-Final Boos.asset
  artifactKey: Guid(335a4af5274d5ef4793deefc1ad73f21) Importer(815301076,1909f56bfc062723c751e8b465ee728b)
Start importing Assets/Data/Stage1-Final Boos.asset using Guid(335a4af5274d5ef4793deefc1ad73f21) Importer(815301076,1909f56bfc062723c751e8b465ee728b)  -> (artifact id: '6bcf0f92201bfdd41ba933ad29682282') in 0.009072 seconds 
  Import took 0.013648 seconds .

========================================================================
Received Import Request.
  Time since last request: 0.000232 seconds.
  path: Assets/Data/Stage1-1.asset
  artifactKey: Guid(d07da00d1a3696c47a613dc8c219f1f8) Importer(815301076,1909f56bfc062723c751e8b465ee728b)
Start importing Assets/Data/Stage1-1.asset using Guid(d07da00d1a3696c47a613dc8c219f1f8) Importer(815301076,1909f56bfc062723c751e8b465ee728b)  -> (artifact id: 'a3af9411d84a9593af6205c445023b0e') in 0.009667 seconds 
  Import took 0.014714 seconds .

========================================================================
Received Import Request.
  Time since last request: 0.000263 seconds.
  path: Assets/Data/stage lungs.asset
  artifactKey: Guid(89778f5bd52fee24c831d8fc7274daba) Importer(815301076,1909f56bfc062723c751e8b465ee728b)
Start importing Assets/Data/stage lungs.asset using Guid(89778f5bd52fee24c831d8fc7274daba) Importer(815301076,1909f56bfc062723c751e8b465ee728b)  -> (artifact id: '5e5aaa1af016b76659f1666e5bd9be2c') in 0.026847 seconds 
  Import took 0.031144 seconds .

========================================================================
Received Import Request.
  Time since last request: 0.000216 seconds.
  path: Assets/Data/BulletDirection_Player.asset
  artifactKey: Guid(f0105680c95682045bb32804153d5b65) Importer(815301076,1909f56bfc062723c751e8b465ee728b)
Start importing Assets/Data/BulletDirection_Player.asset using Guid(f0105680c95682045bb32804153d5b65) Importer(815301076,1909f56bfc062723c751e8b465ee728b)  -> (artifact id: '1b1a5d28fff5aedabdc07fa4a04f396d') in 0.007674 seconds 
  Import took 0.012430 seconds .

========================================================================
Received Prepare
Registering precompiled user dll's ...
Registered in 0.004907 seconds.
Begin MonoManager ReloadAssembly
Native extension for WindowsStandalone target not found
Native extension for WebGL target not found
Refreshing native plugins compatible for Editor in 1.30 ms, found 3 plugins.
Preloading 0 native plugins for Editor in 0.00 ms.
Mono: successfully reloaded assembly
- Completed reload, in  1.243 seconds
Domain Reload Profiling:
	ReloadAssembly (1243ms)
		BeginReloadAssembly (142ms)
			ExecutionOrderSort (0ms)
			DisableScriptedObjects (8ms)
			BackupInstance (0ms)
			ReleaseScriptingObjects (0ms)
			CreateAndSetChildDomain (49ms)
		EndReloadAssembly (1029ms)
			LoadAssemblies (116ms)
			RebuildTransferFunctionScriptingTraits (0ms)
			SetupTypeCache (388ms)
			ReleaseScriptCaches (1ms)
			RebuildScriptCaches (51ms)
			SetupLoadedEditorAssemblies (359ms)
				LogAssemblyErrors (0ms)
				InitializePlatformSupportModulesInManaged (6ms)
				SetLoadedEditorAssemblies (1ms)
				RefreshPlugins (1ms)
				BeforeProcessingInitializeOnLoad (104ms)
				ProcessInitializeOnLoadAttributes (231ms)
				ProcessInitializeOnLoadMethodAttributes (11ms)
				AfterProcessingInitializeOnLoad (5ms)
				EditorAssembliesLoaded (0ms)
			ExecutionOrderSort2 (0ms)
			AwakeInstancesAfterBackupRestoration (11ms)
Platform modules already initialized, skipping
Refreshing native plugins compatible for Editor in 0.70 ms, found 3 plugins.
Preloading 0 native plugins for Editor in 0.00 ms.
Unloading 2205 Unused Serialized files (Serialized files now loaded: 0)
System memory in use before: 96.6 MB.
System memory in use after: 96.8 MB.

Unloading 17 unused Assets to reduce memory usage. Loaded Objects now: 2666.
Total: 2.739500 ms (FindLiveObjects: 0.194800 ms CreateObjectMapping: 0.098700 ms MarkObjects: 2.409000 ms  DeleteObjects: 0.014600 ms)

AssetImportParameters requested are different than current active one (requested -> active):
  custom:framework-win-MediaFoundation: 216162199b28c13a410421893ffa2e32 -> 
  custom:video-decoder-ogg-theora: a1e56fd34408186e4bbccfd4996cb3dc -> 
  custom:container-muxer-webm: aa71ff27fc2769a1b78a27578f13a17b -> 
  custom:container-demuxer-webm: 4f35f7cbe854078d1ac9338744f61a02 -> 
  custom:container-demuxer-ogg: 62fdf1f143b41e24485cea50d1cbac27 -> 
  custom:video-encoder-webm-vp8: eb34c28f22e8b96e1ab97ce403110664 -> 
  custom:video-decoder-webm-vp8: 9c59270c3fd7afecdb556c50c9e8de78 -> 
  custom:audio-decoder-ogg-vorbis: bf7c407c2cedff20999df2af8eb42d56 -> 
  custom:audio-encoder-webm-vorbis: bf7c407c2cedff20999df2af8eb42d56 -> 
========================================================================
Received Import Request.
  Time since last request: 959.681308 seconds.
  path: Assets/Sprite/Menu Button.png
  artifactKey: Guid(5704a995dcb5d7e45a3214c79c09ee82) Importer(815301076,1909f56bfc062723c751e8b465ee728b)
Start importing Assets/Sprite/Menu Button.png using Guid(5704a995dcb5d7e45a3214c79c09ee82) Importer(815301076,1909f56bfc062723c751e8b465ee728b)  -> (artifact id: 'c26e9aff1339200ee1d7d1722d740bc5') in 0.110625 seconds 
  Import took 0.117057 seconds .

========================================================================
Received Import Request.
  Time since last request: 26.454137 seconds.
  path: Assets/Sprite/Restart Button.png
  artifactKey: Guid(26b5e78cb877d8e4a8a71a34fb009329) Importer(815301076,1909f56bfc062723c751e8b465ee728b)
Start importing Assets/Sprite/Restart Button.png using Guid(26b5e78cb877d8e4a8a71a34fb009329) Importer(815301076,1909f56bfc062723c751e8b465ee728b)  -> (artifact id: 'd1817624c90360a843a001b014b16c93') in 0.017163 seconds 
  Import took 0.022270 seconds .

========================================================================
Received Import Request.
  Time since last request: 280.193896 seconds.
  path: Assets/Scenes/Stage1-1.unity
  artifactKey: Guid(2cda990e2423bbf4892e6590ba056729) Importer(815301076,1909f56bfc062723c751e8b465ee728b)
Start importing Assets/Scenes/Stage1-1.unity using Guid(2cda990e2423bbf4892e6590ba056729) Importer(815301076,1909f56bfc062723c751e8b465ee728b)  -> (artifact id: 'e2b28d1d7597815d2106175fa4e6a87f') in 0.007430 seconds 
  Import took 0.012557 seconds .

========================================================================
Received Prepare
Registering precompiled user dll's ...
Registered in 0.006064 seconds.
Begin MonoManager ReloadAssembly
Native extension for WindowsStandalone target not found
Native extension for WebGL target not found
Refreshing native plugins compatible for Editor in 1.26 ms, found 3 plugins.
Preloading 0 native plugins for Editor in 0.00 ms.
Mono: successfully reloaded assembly
- Completed reload, in  1.334 seconds
Domain Reload Profiling:
	ReloadAssembly (1335ms)
		BeginReloadAssembly (157ms)
			ExecutionOrderSort (0ms)
			DisableScriptedObjects (9ms)
			BackupInstance (0ms)
			ReleaseScriptingObjects (0ms)
			CreateAndSetChildDomain (53ms)
		EndReloadAssembly (1100ms)
			LoadAssemblies (109ms)
			RebuildTransferFunctionScriptingTraits (0ms)
			SetupTypeCache (423ms)
			ReleaseScriptCaches (1ms)
			RebuildScriptCaches (57ms)
			SetupLoadedEditorAssemblies (380ms)
				LogAssemblyErrors (0ms)
				InitializePlatformSupportModulesInManaged (8ms)
				SetLoadedEditorAssemblies (1ms)
				RefreshPlugins (1ms)
				BeforeProcessingInitializeOnLoad (108ms)
				ProcessInitializeOnLoadAttributes (242ms)
				ProcessInitializeOnLoadMethodAttributes (15ms)
				AfterProcessingInitializeOnLoad (6ms)
				EditorAssembliesLoaded (0ms)
			ExecutionOrderSort2 (0ms)
			AwakeInstancesAfterBackupRestoration (13ms)
Platform modules already initialized, skipping
Refreshing native plugins compatible for Editor in 0.52 ms, found 3 plugins.
Preloading 0 native plugins for Editor in 0.00 ms.
Unloading 2205 Unused Serialized files (Serialized files now loaded: 0)
System memory in use before: 99.6 MB.
System memory in use after: 99.8 MB.

Unloading 17 unused Assets to reduce memory usage. Loaded Objects now: 2676.
Total: 2.776300 ms (FindLiveObjects: 0.225000 ms CreateObjectMapping: 0.159000 ms MarkObjects: 2.375100 ms  DeleteObjects: 0.016200 ms)

AssetImportParameters requested are different than current active one (requested -> active):
  custom:framework-win-MediaFoundation: 216162199b28c13a410421893ffa2e32 -> 
  custom:video-decoder-ogg-theora: a1e56fd34408186e4bbccfd4996cb3dc -> 
  custom:container-muxer-webm: aa71ff27fc2769a1b78a27578f13a17b -> 
  custom:container-demuxer-webm: 4f35f7cbe854078d1ac9338744f61a02 -> 
  custom:container-demuxer-ogg: 62fdf1f143b41e24485cea50d1cbac27 -> 
  custom:video-encoder-webm-vp8: eb34c28f22e8b96e1ab97ce403110664 -> 
  custom:video-decoder-webm-vp8: 9c59270c3fd7afecdb556c50c9e8de78 -> 
  custom:audio-decoder-ogg-vorbis: bf7c407c2cedff20999df2af8eb42d56 -> 
  custom:audio-encoder-webm-vorbis: bf7c407c2cedff20999df2af8eb42d56 -> 
========================================================================
Received Import Request.
  Time since last request: 110.177210 seconds.
  path: Assets/Scenes/Game Over.unity
  artifactKey: Guid(f90f11ea8b3c2c64ba90089fd9bcd35f) Importer(815301076,1909f56bfc062723c751e8b465ee728b)
Start importing Assets/Scenes/Game Over.unity using Guid(f90f11ea8b3c2c64ba90089fd9bcd35f) Importer(815301076,1909f56bfc062723c751e8b465ee728b)  -> (artifact id: '6594bc3b27772444ffebf354c8114a99') in 0.024196 seconds 
  Import took 0.028264 seconds .

========================================================================
Received Import Request.
  Time since last request: 223.060774 seconds.
  path: Assets/Scenes/Main Menu.unity
  artifactKey: Guid(20d9029cdcd246646bcd1e658fe6aa96) Importer(815301076,1909f56bfc062723c751e8b465ee728b)
Start importing Assets/Scenes/Main Menu.unity using Guid(20d9029cdcd246646bcd1e658fe6aa96) Importer(815301076,1909f56bfc062723c751e8b465ee728b)  -> (artifact id: 'ad525e16bcbe370fed4701bf2364c4d2') in 0.008556 seconds 
  Import took 0.014197 seconds .

========================================================================
Received Import Request.
  Time since last request: 0.360569 seconds.
  path: Assets/Scenes/Game Over.unity
  artifactKey: Guid(f90f11ea8b3c2c64ba90089fd9bcd35f) Importer(815301076,1909f56bfc062723c751e8b465ee728b)
Start importing Assets/Scenes/Game Over.unity using Guid(f90f11ea8b3c2c64ba90089fd9bcd35f) Importer(815301076,1909f56bfc062723c751e8b465ee728b)  -> (artifact id: 'e6a7ac4a04f836a2dd9fc61d2fa7c4a5') in 0.003819 seconds 
  Import took 0.010225 seconds .

AssetImportWorkerClient::OnTransportError - code=2 error=End of file
